<?xml version="1.0" encoding="UTF-8"?>
<!-- Generated by org.testng.reporters.JUnitReportReporter -->
<testsuite skipped="0" hostname="Ruchis-MBP" name="ShubhakankshiBhukta.tests.SubmitOrderTest" tests="3" failures="0" timestamp="25 May 2023 10:35:21 GMT" time="98.611" errors="0">
  <testcase name="submitOrder" time="33.398" classname="ShubhakankshiBhukta.tests.SubmitOrderTest"/>
  <testcase name="OrderHistoryTest" time="21.966" classname="ShubhakankshiBhukta.tests.SubmitOrderTest"/>
  <testcase name="submitOrder" time="43.247" classname="ShubhakankshiBhukta.tests.SubmitOrderTest"/>
</testsuite> <!-- ShubhakankshiBhukta.tests.SubmitOrderTest -->
