<?xml version="1.0" encoding="UTF-8"?>
<!-- Generated by org.testng.reporters.JUnitReportReporter -->
<testsuite skipped="0" hostname="Ruchis-MBP" name="ShubhakankshiBhukta.tests.ErrorValidation" tests="1" failures="0" timestamp="11 May 2023 11:37:16 GMT" time="15.402" errors="0">
  <testcase name="submitOrder" time="15.402" classname="ShubhakankshiBhukta.tests.ErrorValidation"/>
</testsuite> <!-- ShubhakankshiBhukta.tests.ErrorValidation -->
