<?xml version="1.0" encoding="UTF-8"?>
<!-- Generated by org.testng.reporters.JUnitReportReporter -->
<testsuite skipped="0" hostname="Ruchis-MBP" name="ShubhakankshiBhukta.tests.SubmitOrderTest" tests="3" failures="0" timestamp="26 May 2023 19:33:06 GMT" time="118.756" errors="0">
  <testcase name="submitOrder" time="43.554" classname="ShubhakankshiBhukta.tests.SubmitOrderTest"/>
  <testcase name="OrderHistoryTest" time="24.650" classname="ShubhakankshiBhukta.tests.SubmitOrderTest"/>
  <testcase name="submitOrder" time="50.552" classname="ShubhakankshiBhukta.tests.SubmitOrderTest"/>
</testsuite> <!-- ShubhakankshiBhukta.tests.SubmitOrderTest -->
