<?xml version="1.0" encoding="UTF-8"?>
<!-- Generated by org.testng.reporters.JUnitReportReporter -->
<testsuite skipped="0" hostname="Ruchis-MBP" name="cucumber.TestNGTestRunner" tests="1" failures="0" timestamp="26 May 2023 19:33:06 GMT" time="46.568" errors="0">
  <testcase name="runScenario" time="46.568" classname="cucumber.TestNGTestRunner"/>
</testsuite> <!-- cucumber.TestNGTestRunner -->
